"../../../../Unreal RampUp/CubesGoPewPew/Content/SideScrollerBP/SideScrollerOverview.uasset" 0
"../../../../Unreal RampUp/CubesGoPewPew/Content/SideScrollerBP/Assets/Material_Shot_Friendly.uasset" 1
"../../../Engine/Content/EditorBlueprintResources/StandardMacros.uasset" 2
"../../../../Unreal RampUp/CubesGoPewPew/Content/SideScrollerBP/Meshes/CubeMaterial.uasset" 3
"../../../Engine/Content/Functions/Engine_MaterialFunctions01/Opacity/CameraDepthFade.uasset" 4
"../../../Engine/Content/EngineMaterials/T_Default_Material_Grid_M.uasset" 5
"../../../Engine/Content/EngineMaterials/T_Default_Material_Grid_N.uasset" 6
"../../../Engine/Content/EngineMaterials/WorldGridMaterial.uasset" 7
"../../../Engine/Content/BasicShapes/Cube.uasset" 8
"../../../../Unreal RampUp/CubesGoPewPew/Content/SideScrollerBP/Blueprints/edge.uasset" 9
"../../../../Unreal RampUp/CubesGoPewPew/Content/SideScrollerBP/UI/GameOver.uasset" 10
"../../../../Unreal RampUp/CubesGoPewPew/Content/SideScrollerBP/SI_GameInstance.uasset" 11
"../../../../Unreal RampUp/CubesGoPewPew/Content/SideScrollerBP/Blueprints/InvaderFleetController.uasset" 12
"../../../../Unreal RampUp/CubesGoPewPew/Content/SideScrollerBP/Assets/Material_Shot_Enemy.uasset" 13
"../../../Engine/Content/EngineMaterials/DefaultMaterial.uasset" 14
"../../../Engine/Content/BasicShapes/Cylinder.uasset" 15
"../../../../Unreal RampUp/CubesGoPewPew/Content/StarterContent/Textures/T_Burst_M.uasset" 16
"../../../../Unreal RampUp/CubesGoPewPew/Content/StarterContent/Particles/Materials/M_Burst.uasset" 17
"../../../../Unreal RampUp/CubesGoPewPew/Content/StarterContent/Textures/T_Explosion_SubUV.uasset" 18
"../../../../Unreal RampUp/CubesGoPewPew/Content/StarterContent/Particles/Materials/M_explosion_subUV.uasset" 19
"../../../../Unreal RampUp/CubesGoPewPew/Content/StarterContent/Particles/Materials/m_flare_01.uasset" 20
"../../../Engine/Content/Functions/Engine_MaterialFunctions01/Gradient/RadialGradient.uasset" 21
"../../../../Unreal RampUp/CubesGoPewPew/Content/StarterContent/Particles/Materials/M_radial_ramp.uasset" 22
"../../../../Unreal RampUp/CubesGoPewPew/Content/StarterContent/Textures/T_Smoke_SubUV.uasset" 23
"../../../../Unreal RampUp/CubesGoPewPew/Content/StarterContent/Textures/T_Smoke_Tiled_D.uasset" 24
"../../../../Unreal RampUp/CubesGoPewPew/Content/StarterContent/Particles/Materials/M_smoke_subUV.uasset" 25
"../../../../Unreal RampUp/CubesGoPewPew/Content/StarterContent/Particles/P_Explosion.uasset" 26
"../../../../Unreal RampUp/CubesGoPewPew/Content/SideScrollerBP/Blueprints/Shot_Enemy.uasset" 27
"../../../Engine/Content/BasicShapes/BasicShapeMaterial.uasset" 28
"../../../../Unreal RampUp/CubesGoPewPew/Content/SideScrollerBP/Blueprints/Shot_Player.uasset" 29
"../../../../Unreal RampUp/CubesGoPewPew/Content/StarterContent/Textures/T_MacroVariation.uasset" 30
"../../../../Unreal RampUp/CubesGoPewPew/Content/StarterContent/Textures/T_Tech_Hex_Tile_M.uasset" 31
"../../../../Unreal RampUp/CubesGoPewPew/Content/StarterContent/Textures/T_Tech_Hex_Tile_N.uasset" 32
"../../../../Unreal RampUp/CubesGoPewPew/Content/StarterContent/Materials/M_Tech_Hex_Tile_Pulse.uasset" 33
"../../../../Unreal RampUp/CubesGoPewPew/Content/SideScrollerBP/Blueprints/Invader.uasset" 34
"../../../../Unreal RampUp/CubesGoPewPew/Content/StarterContent/Textures/T_Metal_Gold_D.uasset" 35
"../../../../Unreal RampUp/CubesGoPewPew/Content/StarterContent/Textures/T_Metal_Gold_N.uasset" 36
"../../../../Unreal RampUp/CubesGoPewPew/Content/StarterContent/Materials/M_Metal_Gold.uasset" 37
"../../../../Unreal RampUp/CubesGoPewPew/Content/StarterContent/Materials/M_Basic_Wall.uasset" 38
"../../../../Unreal RampUp/CubesGoPewPew/Content/StarterContent/Shapes/Shape_Cone.uasset" 39
"../../../../Unreal RampUp/CubesGoPewPew/Content/SideScrollerBP/Blueprints/ThePlayer.uasset" 40
"../../../../Unreal RampUp/CubesGoPewPew/Content/SideScrollerBP/Blueprints/SideScrollerGameMode.uasset" 41
"../../../../Unreal RampUp/CubesGoPewPew/Content/StarterContent/Shapes/Shape_Plane.uasset" 42
"../../../Engine/Content/Animation/DefaultAnimCurveCompressionSettings.uasset" 43
"../../../Engine/Content/ArtTools/RenderToTexture/Meshes/S_1_Unit_Plane.uasset" 44
"../../../Engine/Content/BasicShapes/Cone.uasset" 45
"../../../Engine/Content/BasicShapes/Plane.uasset" 46
"../../../Engine/Content/BasicShapes/Sphere.uasset" 47
"../../../Engine/Content/EditorLandscapeResources/DataLayer.uasset" 48
"../../../Engine/Content/EditorLandscapeResources/DefaultAlphaTexture.uasset" 49
"../../../Engine/Content/EditorMaterials/MAT_Groups_Toggle.uasset" 50
"../../../Engine/Content/EditorMaterials/MAT_Groups_Visibility.uasset" 51
"../../../Engine/Content/EditorMaterials/PreviewShadowIndicator.uasset" 52
"../../../Engine/Content/EditorMaterials/PreviewShadowIndicatorMaterial.uasset" 53
"../../../Engine/Content/EditorMaterials/MatineeGroups/MAT_ColorTrack.uasset" 54
"../../../Engine/Content/EditorMaterials/MatineeGroups/MAT_Groups_Anim.uasset" 55
"../../../Engine/Content/EditorMaterials/MatineeGroups/MAT_Groups_AudioMaster.uasset" 56
"../../../Engine/Content/EditorMaterials/MatineeGroups/MAT_Groups_Director.uasset" 57
"../../../Engine/Content/EditorMaterials/MatineeGroups/MAT_Groups_Event.uasset" 58
"../../../Engine/Content/EditorMaterials/MatineeGroups/MAT_Groups_Fade.uasset" 59
"../../../Engine/Content/EditorMaterials/MatineeGroups/MAT_Groups_Float.uasset" 60
"../../../Engine/Content/EditorMaterials/MatineeGroups/MAT_Groups_Move.uasset" 61
"../../../Engine/Content/EditorMaterials/MatineeGroups/MAT_Groups_Slomo.uasset" 62
"../../../Engine/Content/EditorMaterials/MatineeGroups/MAT_Groups_Sound.uasset" 63
"../../../Engine/Content/EditorMaterials/MatineeGroups/MAT_Groups_Vector.uasset" 64
"../../../Engine/Content/EditorMaterials/ParticleSystems/PSysThumbnail_NoImage.uasset" 65
"../../../Engine/Content/EditorMaterials/ParticleSystems/PSysThumbnail_OOD.uasset" 66
"../../../Engine/Content/EditorMaterials/Camera/CineMat.uasset" 67
"../../../Engine/Content/EditorMaterials/Camera/MI_CineMat_Rig.uasset" 68
"../../../Engine/Content/EditorMeshes/Camera/SM_CraneRig_Arm.uasset" 69
"../../../Engine/Content/EditorMeshes/Camera/SM_CraneRig_Base.uasset" 70
"../../../Engine/Content/EditorMeshes/Camera/SM_CraneRig_Body.uasset" 71
"../../../Engine/Content/EditorMeshes/Camera/SM_CraneRig_Mount.uasset" 72
"../../../Engine/Content/EditorMeshes/Camera/SM_RailRig_Mount.uasset" 73
"../../../Engine/Content/EditorMeshes/Camera/SM_RailRig_Track.uasset" 74
"../../../Engine/Content/EditorResources/BSPVertex.uasset" 75
"../../../Engine/Content/EditorResources/EmptyActor.uasset" 76
"../../../Engine/Content/EditorResources/S_Actor.uasset" 77
"../../../Engine/Content/EditorResources/S_Note.uasset" 78
"../../../Engine/Content/EditorResources/S_Solver.uasset" 79
"../../../Engine/Content/EditorResources/S_Terrain.uasset" 80
"../../../Engine/Content/EditorResources/S_Trigger.uasset" 81
"../../../Engine/Content/EditorResources/SequenceRecorder/Countdown.uasset" 82
"../../../Engine/Content/EditorResources/SequenceRecorder/RecordingIndicator.uasset" 83
"../../../Engine/Content/EditorSounds/Notifications/CompileFailed.uasset" 84
"../../../Engine/Content/EditorSounds/Notifications/CompileFailed_Cue.uasset" 85
"../../../Engine/Content/EditorSounds/Notifications/CompileSuccess.uasset" 86
"../../../Engine/Content/EditorSounds/Notifications/CompileStart_Cue.uasset" 87
"../../../Engine/Content/EditorSounds/Notifications/CompileSuccess_Cue.uasset" 88
"../../../Engine/Content/EngineDamageTypes/DmgTypeBP_Environmental.uasset" 89
"../../../Engine/Content/EngineDebugMaterials/DebugEditorMaterial.uasset" 90
"../../../Engine/Content/EngineDebugMaterials/DebugMeshMaterial.uasset" 91
"../../../Engine/Content/EngineDebugMaterials/M_SimpleTranslucent.uasset" 92
"../../../Engine/Content/Functions/Engine_MaterialFunctions02/Utility/CameraDirectionVector.uasset" 93
"../../../Engine/Content/EngineDebugMaterials/VolumeToRender.uasset" 94
"../../../Engine/Content/EngineDebugMaterials/M_VolumeRenderSphereTracePP.uasset" 95
"../../../Engine/Content/EngineDebugMaterials/WireframeMaterial.uasset" 96
"../../../Engine/Content/EngineFonts/Faces/DroidSansFallback.uasset" 97
"../../../Engine/Content/EngineFonts/Faces/RobotoBold.uasset" 98
"../../../Engine/Content/EngineFonts/Faces/RobotoBoldItalic.uasset" 99
"../../../Engine/Content/EngineFonts/Faces/RobotoItalic.uasset" 100
"../../../Engine/Content/EngineFonts/Faces/RobotoLight.uasset" 101
"../../../Engine/Content/EngineFonts/Faces/RobotoRegular.uasset" 102
"../../../Engine/Content/EngineFonts/Roboto.uasset" 103
"../../../Engine/Content/EngineMaterials/BaseFlattenDiffuseMap.uasset" 104
"../../../Engine/Content/EngineMaterials/BaseFlattenEmissiveMap.uasset" 105
"../../../Engine/Content/EngineMaterials/BaseFlattenGrayscaleMap.uasset" 106
"../../../Engine/Content/EngineMaterials/BaseFlattenNormalMap.uasset" 107
"../../../Engine/Content/EngineMaterials/BaseFlattenMaterial.uasset" 108
"../../../Engine/Content/EngineMaterials/BlueNoise.uasset" 109
"../../../Engine/Content/EngineMaterials/DefaultBloomKernel.uasset" 110
"../../../Engine/Content/EngineMaterials/DefaultBokeh.uasset" 111
"../../../Engine/Content/EngineMaterials/DefaultDiffuse.uasset" 112
"../../../Engine/Content/EngineMaterials/DefaultDeferredDecalMaterial.uasset" 113
"../../../Engine/Content/EngineMaterials/DefaultLightFunctionMaterial.uasset" 114
"../../../Engine/Content/EngineMaterials/DefaultPhysicalMaterial.uasset" 115
"../../../Engine/Content/Functions/Engine_MaterialFunctions02/Utility/BreakOutFloat2Components.uasset" 116
"../../../Engine/Content/EngineMaterials/DefaultPostProcessMaterial.uasset" 117
"../../../Engine/Content/EngineFonts/RobotoDistanceField.uasset" 118
"../../../Engine/Content/EngineMaterials/DefaultTextMaterialOpaque.uasset" 119
"../../../Engine/Content/EngineMaterials/DefaultVirtualTextureMaterial.uasset" 120
"../../../Engine/Content/EngineMaterials/DefaultWhiteGrid.uasset" 121
"../../../Engine/Content/EngineMaterials/DefaultWhiteGrid_Low.uasset" 122
"../../../Engine/Content/EngineMaterials/EmissiveMeshMaterial.uasset" 123
"../../../Engine/Content/EngineMaterials/GizmoMaterial.uasset" 124
"../../../Engine/Content/EngineMaterials/Good64x64TilingNoiseHighFreq.uasset" 125
"../../../Engine/Content/EngineMaterials/HairDefaultMaterial.uasset" 126
"../../../Engine/Content/EngineMaterials/MiniFont.uasset" 127
"../../../Engine/Content/EngineMaterials/InvalidLightmapSettings.uasset" 128
"../../../Engine/Content/EngineMaterials/M_InvalidLightmapSettings.uasset" 129
"../../../Engine/Content/Functions/Engine_MaterialFunctions02/WorldPositionOffset/CameraOffset.uasset" 130
"../../../Engine/Content/EngineMaterials/PhAT_JointLimitMaterial.uasset" 131
"../../../Engine/Content/EngineMaterials/PreintegratedSkinBRDF.uasset" 132
"../../../Engine/Content/EngineMaterials/RemoveSurfaceMaterial.uasset" 133
"../../../Engine/Content/EngineMaterials/WeightMapPlaceholderTexture.uasset" 134
"../../../Engine/Content/EngineResources/WhiteSquareTexture.uasset" 135
"../../../Engine/Content/EngineMaterials/Widget3DPassThrough.uasset" 136
"../../../Engine/Content/EngineMaterials/Widget3DPassThrough_Masked.uasset" 137
"../../../Engine/Content/EngineMaterials/Widget3DPassThrough_Opaque.uasset" 138
"../../../Engine/Content/EngineMaterials/Widget3DPassThrough_Masked_OneSided.uasset" 139
"../../../Engine/Content/EngineMaterials/Widget3DPassThrough_Opaque_OneSided.uasset" 140
"../../../Engine/Content/EngineMaterials/Widget3DPassThrough_Translucent.uasset" 141
"../../../Engine/Content/EngineMaterials/Widget3DPassThrough_Translucent_OneSided.uasset" 142
"../../../Engine/Content/EngineMeshes/Cylinder.uasset" 143
"../../../Engine/Content/EngineMeshes/Sphere.uasset" 144
"../../../Engine/Content/EngineResources/Black.uasset" 145
"../../../Engine/Content/EngineResources/DefaultTexture.uasset" 146
"../../../Engine/Content/EngineResources/DefaultTextureCube.uasset" 147
"../../../Engine/Content/EngineResources/DefaultVolumeTexture2D.uasset" 148
"../../../Engine/Content/EngineResources/DefaultVolumeTexture.uasset" 149
"../../../Engine/Content/EngineResources/GradientTexture0.uasset" 150
"../../../Engine/Content/EngineSounds/Master.uasset" 151
"../../../Engine/Content/Functions/Engine_MaterialFunctions01/Shading/ConvertFromDiffSpec.uasset" 152
"../../../Engine/Content/Functions/Engine_MaterialFunctions01/Shading/PowerToRoughness.uasset" 153
"../../../Engine/Content/Maps/Templates/Thumbnails/Default.uasset" 154
"../../../Engine/Content/Maps/Templates/Thumbnails/TimeOfDay.uasset" 155
"../../../Engine/Content/Maps/Templates/Thumbnails/VR-Basic.uasset" 156
"../../../Engine/Content/MobileResources/T_MobileControls_texture.uasset" 157
"../../../Engine/Content/MobileResources/T_MobileMenu2.uasset" 158
"../../../Engine/Content/MobileResources/HUD/AnalogHat.uasset" 159
"../../../Engine/Content/MobileResources/HUD/VirtualJoystick_Background.uasset" 160
"../../../Engine/Content/MobileResources/HUD/VirtualJoystick_Thumb.uasset" 161
"../../../Engine/Content/MobileResources/HUD/DefaultVirtualJoysticks.uasset" 162
"../../../Engine/Content/MobileResources/HUD/LeftVirtualJoystickOnly.uasset" 163
"../../../Engine/Content/MobileResources/HUD/MobileHUDButton1_off.uasset" 164
"../../../Engine/Content/MobileResources/HUD/MobileHUDButton1_on.uasset" 165
"../../../Engine/Content/MobileResources/HUD/MobileHUDButton2_off.uasset" 166
"../../../Engine/Content/MobileResources/HUD/MobileHUDButton2_on.uasset" 167
"../../../Engine/Content/MobileResources/HUD/MobileHUDButton3.uasset" 168
"../../../Engine/Content/MobileResources/HUD/MobileHUDButtonFire.uasset" 169
"../../../Engine/Content/MobileResources/HUD/MobileHUDDirectionPad.uasset" 170
"../../../Engine/Content/MobileResources/HUD/MobileHUDDirectionPad2.uasset" 171
"../../../Engine/Content/MobileResources/HUD/MobileHUDDirectionPad3.uasset" 172
"../../../Engine/Content/MobileResources/HUD/MobileHUDDirectionStick.uasset" 173
"../../../Engine/Content/MobileResources/HUD/T_Castle_ThumbstickInner.uasset" 174
"../../../Engine/Content/MobileResources/HUD/T_Castle_ThumbstickOutter.uasset" 175
"../../../Engine/Content/Tutorial/ContentIntroCurve.uasset" 176
"../../../Engine/Content/Tutorial/Basics/LevelEditorAttract.uasset" 177
"../../../Engine/Content/Tutorial/BlueprintTutorials/TutorialAssets/Blueprint_64x.uasset" 178
"../../../Engine/Content/Tutorial/BlueprintTutorials/BlueprintEditorTutorial.uasset" 179
"../../../Engine/Content/VREditor/LaserPointer/VR_LaserPower_01.uasset" 180
"../../../Engine/Content/VREditor/TransformGizmo/TransformGizmoMaterial.uasset" 181
"../../../Engine/Content/VREditor/TransformGizmo/TranslucentTransformGizmoMaterial.uasset" 182
"../../../Engine/Content/VREditor/TransformGizmo/BoundingBoxCorner.uasset" 183
"../../../Engine/Content/VREditor/TransformGizmo/BoundingBoxEdge.uasset" 184
"../../../Engine/Content/VREditor/TransformGizmo/PlaneTranslationHandle.uasset" 185
"../../../Engine/Content/VREditor/TransformGizmo/Main.uasset" 186
"../../../Engine/Content/VREditor/TransformGizmo/Xray.uasset" 187
"../../../Engine/Content/VREditor/TransformGizmo/SM_Sequencer_Key.uasset" 188
"../../../Engine/Content/VREditor/TransformGizmo/SM_Sequencer_Node.uasset" 189
"../../Plugins/2D/Paper2D/Content/PlaceholderTextures/DummySpriteTexture.uasset" 190
"../../Plugins/2D/Paper2D/Content/DummySprite.uasset" 191
"../../Plugins/2D/Paper2D/Content/DefaultPaperTerrainMaterial.uasset" 192
"../../Plugins/2D/Paper2D/Content/DummySpriteTexture.uasset" 193
"../../Plugins/2D/Paper2D/Content/DefaultSpriteMaterial.uasset" 194
"../../Plugins/2D/Paper2D/Content/MaskedUnlitSpriteMaterial.uasset" 195
"../../Plugins/2D/Paper2D/Content/OpaqueUnlitSpriteMaterial.uasset" 196
"../../Plugins/FX/Niagara/Content/Enums/ENiagaraBooleanLogicOps.uasset" 197
"../../Plugins/FX/Niagara/Content/Enums/ENiagaraCoordinateSpace.uasset" 198
"../../Plugins/FX/Niagara/Content/Enums/ENiagaraExpansionMode.uasset" 199
"../../Plugins/FX/Niagara/Content/Enums/ENiagaraOrientationAxis.uasset" 200
"../../Plugins/FX/Niagara/Content/Enums/ENiagaraRandomnessMode.uasset" 201
"../../Plugins/Marketplace/DonAINavigation/Content/Icons/Navigation_Volumer_Aerial.uasset" 202
"../../Plugins/Marketplace/HoudiniEngine/Content/houdini_bgeo_import.uasset" 203
"../../Plugins/Marketplace/HoudiniEngine/Content/houdini_default_material.uasset" 204
"../../Plugins/Marketplace/HoudiniEngine/Content/houdini_logo.uasset" 205
"../../Plugins/Marketplace/KantanCharts/Content/Style/CategoryStyles/DefaultCategoryStyleSet.uasset" 206
"../../Plugins/Marketplace/KantanCharts/Content/Style/SeriesStyles/PointStyles/PointImages/PointStyle_Circle.uasset" 207
"../../Plugins/Marketplace/KantanCharts/Content/Style/SeriesStyles/PointStyles/PS_Circle.uasset" 208
"../../Plugins/Marketplace/KantanCharts/Content/Style/SeriesStyles/PointStyles/PointImages/PointStyle_Cross.uasset" 209
"../../Plugins/Marketplace/KantanCharts/Content/Style/SeriesStyles/PointStyles/PS_Cross.uasset" 210
"../../Plugins/Marketplace/KantanCharts/Content/Style/SeriesStyles/PointStyles/PointImages/PointStyle_Diamond.uasset" 211
"../../Plugins/Marketplace/KantanCharts/Content/Style/SeriesStyles/PointStyles/PS_Diamond.uasset" 212
"../../Plugins/Marketplace/KantanCharts/Content/Style/SeriesStyles/PointStyles/PointImages/PointStyle_Square.uasset" 213
"../../Plugins/Marketplace/KantanCharts/Content/Style/SeriesStyles/PointStyles/PS_Square.uasset" 214
"../../Plugins/Marketplace/KantanCharts/Content/Style/SeriesStyles/PointStyles/PointImages/PointStyle_X.uasset" 215
"../../Plugins/Marketplace/KantanCharts/Content/Style/SeriesStyles/PointStyles/PS_X.uasset" 216
"../../Plugins/Marketplace/KantanCharts/Content/Style/SeriesStyles/DefaultSeriesStyleSet.uasset" 217
"../../../Engine/Content/Functions/Engine_MaterialFunctions02/Utility/BreakOutFloat4Components.uasset" 218
"../../../Engine/Content/Functions/Engine_MaterialFunctions02/Utility/MakeFloat2.uasset" 219
"../../../Engine/Content/Functions/Engine_MaterialFunctions02/Utility/MakeFloat3.uasset" 220
"../../Plugins/Runtime/Oculus/OculusVR/Content/Materials/OculusMR_ChromaKey.uasset" 221
"../../Plugins/Runtime/Oculus/OculusVR/Content/Materials/OculusMR_ChromaKey_Lit.uasset" 222
"../../Plugins/Runtime/Oculus/OculusVR/Content/Materials/OculusMR_OpaqueColoredMaterial.uasset" 223
"../../Plugins/Runtime/Oculus/OculusVR/Content/Materials/OculusMR_WhiteMaterial.uasset" 224
"../../../../Unreal RampUp/CubesGoPewPew/Content/SideScrollerBP/UI/Options.uasset" 225
"../../../../Unreal RampUp/CubesGoPewPew/Content/SideScrollerBP/UI/MainMenu.uasset" 226
"../../../../Unreal RampUp/CubesGoPewPew/Content/SideScrollerBP/Maps/MainMenu.umap" 227
"../../../Engine/Content/EngineSky/C_Sky_Cloud_Color.uasset" 228
"../../../Engine/Content/EngineSky/C_Sky_Horizon_Color.uasset" 229
"../../../Engine/Content/EngineSky/C_Sky_Zenith_Color.uasset" 230
"../../../Engine/Content/EngineSky/T_Sky_Blue.uasset" 231
"../../../Engine/Content/EngineSky/T_Sky_Clouds_M.uasset" 232
"../../../Engine/Content/EngineSky/T_Sky_Stars.uasset" 233
"../../../Engine/Content/EngineSky/M_Sky_Panning_Clouds2.uasset" 234
"../../../Engine/Content/EngineSky/SM_SkySphere.uasset" 235
"../../../Engine/Content/EngineSky/BP_Sky_Sphere.uasset" 236
"../../../../Unreal RampUp/CubesGoPewPew/Content/SideScrollerBP/Assets/Material_Background.uasset" 237
"../../../../Unreal RampUp/CubesGoPewPew/Content/StarterContent/Materials/M_Basic_Floor.uasset" 238
"../../../../Unreal RampUp/CubesGoPewPew/Content/StarterContent/Architecture/Floor_400x400.uasset" 239
"../../../../Unreal RampUp/CubesGoPewPew/Content/SideScrollerBP/Blueprints/Background.uasset" 240
"../../../../Unreal RampUp/CubesGoPewPew/Content/SideScrollerBP/Maps/World_BuiltData.uasset" 241
"../../../../Unreal RampUp/CubesGoPewPew/Content/SideScrollerBP/UI/HUD.uasset" 242
"../../../../Unreal RampUp/CubesGoPewPew/Content/SideScrollerBP/Maps/World.umap" 243
"../../../Engine/Content/Maps/Entry_BuiltData.uasset" 244
"../../../Engine/Content/Maps/Entry.umap" 245
